<?xml version="1.0" encoding="UTF-8"?>
<!-- Generated by org.testng.reporters.JUnitReportReporter -->
<testsuite hostname="Manpreets-Air.ht.home" failures="0" tests="2" name="com.qa.test.DemoTest1" time="15.430" errors="0" timestamp="2022-09-09T20:44:06 GMT-04:00" skipped="0">
  <testcase classname="com.qa.test.DemoTest1" name="print1" time="15.429"/>
  <system-out/>
  <testcase classname="com.qa.test.DemoTest1" name="print2" time="0.001"/>
  <system-out/>
</testsuite> <!-- com.qa.test.DemoTest1 -->
